app/build/intermediates/manifest_merge_blame_file/debug/manifest-merger-blame-debug-report.txt
1<?xml version="1.0" encoding="utf-8"?>
2<manifest xmlns:android="http://schemas.android.com/apk/res/android"
3    package="com.example.myapplication"
4    android:versionCode="1"
5    android:versionName="1.0" >
6
7    <uses-sdk
8        android:minSdkVersion="17"
8-->src\main\AndroidManifest.xml
9        android:targetSdkVersion="29" />
9-->src\main\AndroidManifest.xml
10
11    <uses-permission android:name="android.permission.CAMERA" />
11-->src\main\AndroidManifest.xml:5:5-65
11-->src\main\AndroidManifest.xml:5:22-62
12    <uses-permission android:name="android.permission.WRITE_EXTERNAL_STORAGE" />
12-->src\main\AndroidManifest.xml:6:5-81
12-->src\main\AndroidManifest.xml:6:22-78
13    <uses-permission android:name="android.permission.READ_EXTERNAL_STORAGE" />
13-->src\main\AndroidManifest.xml:7:5-80
13-->src\main\AndroidManifest.xml:7:22-77
14    <uses-permission android:name="android.permission.WRITE_INTERNAL_STORAGE" />
14-->src\main\AndroidManifest.xml:8:5-81
14-->src\main\AndroidManifest.xml:8:22-78
15    <uses-permission android:name="android.permission.READ_INTERNAL_STORAGE" />
15-->src\main\AndroidManifest.xml:9:5-80
15-->src\main\AndroidManifest.xml:9:22-77
16    <uses-permission android:name="android.permission.INTERNET" />
16-->src\main\AndroidManifest.xml:10:5-67
16-->src\main\AndroidManifest.xml:10:22-64
17    <uses-permission android:name="android.permission.ACCESS_NETWORK_STATE" />
17-->[com.firebaseui:firebase-ui-auth:4.3.2] AndroidManifest.xml:12:5-79
17-->[com.firebaseui:firebase-ui-auth:4.3.2] AndroidManifest.xml:12:22-76
18    <uses-permission android:name="android.permission.WAKE_LOCK" /> <!-- Required by older versions of Google Play services to create IID tokens -->
18-->[com.google.android.gms:play-services-measurement-api:17.2.3] AndroidManifest.xml:24:5-68
18-->[com.google.android.gms:play-services-measurement-api:17.2.3] AndroidManifest.xml:24:22-65
19    <uses-permission android:name="com.google.android.c2dm.permission.RECEIVE" />
19-->[com.google.firebase:firebase-iid:20.0.2] AndroidManifest.xml:26:5-82
19-->[com.google.firebase:firebase-iid:20.0.2] AndroidManifest.xml:26:22-79
20    <uses-permission android:name="com.google.android.finsky.permission.BIND_GET_INSTALL_REFERRER_SERVICE" />
20-->[com.google.android.gms:play-services-measurement:17.2.3] AndroidManifest.xml:26:5-110
20-->[com.google.android.gms:play-services-measurement:17.2.3] AndroidManifest.xml:26:22-107
21
22    <application
22-->src\main\AndroidManifest.xml:12:5-48:19
23        android:name="androidx.multidex.MultiDexApplication"
24        android:allowBackup="true"
24-->src\main\AndroidManifest.xml:13:9-35
25        android:appComponentFactory="androidx.core.app.CoreComponentFactory"
25-->[androidx.core:core:1.1.0] AndroidManifest.xml:24:18-86
26        android:debuggable="true"
27        android:icon="@mipmap/ic_launcher"
27-->src\main\AndroidManifest.xml:14:9-43
28        android:label="@string/app_name"
28-->src\main\AndroidManifest.xml:15:9-41
29        android:roundIcon="@mipmap/ic_launcher"
29-->src\main\AndroidManifest.xml:16:9-48
30        android:supportsRtl="true"
30-->src\main\AndroidManifest.xml:17:9-35
31        android:theme="@style/AppTheme"
31-->src\main\AndroidManifest.xml:18:9-40
32        android:usesCleartextTraffic="true" >
32-->src\main\AndroidManifest.xml:19:9-44
33        <activity android:name="com.example.myapplication.Activity.MyInterestAdView" />
33-->src\main\AndroidManifest.xml:20:9-63
33-->src\main\AndroidManifest.xml:20:19-60
34        <activity android:name="com.example.myapplication.Activity.NotificationView" />
34-->src\main\AndroidManifest.xml:21:9-63
34-->src\main\AndroidManifest.xml:21:19-60
35        <activity android:name="com.example.myapplication.Activity.MyAddView" />
35-->src\main\AndroidManifest.xml:22:9-56
35-->src\main\AndroidManifest.xml:22:19-53
36        <activity android:name="com.example.myapplication.Activity.CategoryRecylerView" />
36-->src\main\AndroidManifest.xml:23:9-66
36-->src\main\AndroidManifest.xml:23:19-63
37        <activity android:name="com.example.myapplication.Activity.ProfileUpdate" />
37-->src\main\AndroidManifest.xml:24:9-60
37-->src\main\AndroidManifest.xml:24:19-57
38        <activity android:name="com.example.myapplication.Activity.AdViewActivity" />
38-->src\main\AndroidManifest.xml:25:9-61
38-->src\main\AndroidManifest.xml:25:19-58
39        <activity
39-->src\main\AndroidManifest.xml:26:9-28:59
40            android:name="com.example.myapplication.Activity.NumberAuthenticationCode"
40-->src\main\AndroidManifest.xml:27:13-62
41            android:theme="@style/AppTheme.NoActionBar" />
41-->src\main\AndroidManifest.xml:28:13-56
42        <activity
42-->src\main\AndroidManifest.xml:29:9-31:59
43            android:name="com.example.myapplication.Activity.NumberAuthentication"
43-->src\main\AndroidManifest.xml:30:13-58
44            android:theme="@style/AppTheme.NoActionBar" />
44-->src\main\AndroidManifest.xml:31:13-56
45        <activity
45-->src\main\AndroidManifest.xml:32:9-40:20
46            android:name="com.example.myapplication.Activity.SnapScreen"
46-->src\main\AndroidManifest.xml:33:13-48
47            android:theme="@style/AppTheme.NoActionBar" >
47-->src\main\AndroidManifest.xml:34:13-56
48            <intent-filter>
48-->src\main\AndroidManifest.xml:35:13-39:29
49                <action android:name="android.intent.action.MAIN" />
49-->src\main\AndroidManifest.xml:36:17-69
49-->src\main\AndroidManifest.xml:36:25-66
50
51                <category android:name="android.intent.category.LAUNCHER" />
51-->src\main\AndroidManifest.xml:38:17-77
51-->src\main\AndroidManifest.xml:38:27-74
52            </intent-filter>
53        </activity>
54        <activity
54-->src\main\AndroidManifest.xml:41:9-43:59
55            android:name="com.example.myapplication.Activity.SingUp"
55-->src\main\AndroidManifest.xml:42:13-44
56            android:theme="@style/AppTheme.NoActionBar" />
56-->src\main\AndroidManifest.xml:43:13-56
57        <activity
57-->src\main\AndroidManifest.xml:44:9-46:59
58            android:name="com.example.myapplication.Activity.Login"
58-->src\main\AndroidManifest.xml:45:13-43
59            android:theme="@style/AppTheme.NoActionBar" />
59-->src\main\AndroidManifest.xml:46:13-56
60        <activity android:name="com.example.myapplication.Activity.MainActivity" />
60-->src\main\AndroidManifest.xml:47:9-59
60-->src\main\AndroidManifest.xml:47:19-56
61
62        <meta-data
62-->[com.firebaseui:firebase-ui-auth:4.3.2] AndroidManifest.xml:16:9-18:69
63            android:name="com.google.android.gms.version"
63-->[com.firebaseui:firebase-ui-auth:4.3.2] AndroidManifest.xml:17:13-58
64            android:value="@integer/google_play_services_version" />
64-->[com.firebaseui:firebase-ui-auth:4.3.2] AndroidManifest.xml:18:13-66
65        <meta-data
65-->[com.firebaseui:firebase-ui-auth:4.3.2] AndroidManifest.xml:19:9-21:63
66            android:name="com.facebook.sdk.ApplicationId"
66-->[com.firebaseui:firebase-ui-auth:4.3.2] AndroidManifest.xml:20:13-58
67            android:value="@string/facebook_application_id" />
67-->[com.firebaseui:firebase-ui-auth:4.3.2] AndroidManifest.xml:21:13-60
68
69        <activity
69-->[com.firebaseui:firebase-ui-auth:4.3.2] AndroidManifest.xml:23:9-27:61
70            android:name="com.firebase.ui.auth.KickoffActivity"
70-->[com.firebaseui:firebase-ui-auth:4.3.2] AndroidManifest.xml:24:13-64
71            android:exported="false"
71-->[com.firebaseui:firebase-ui-auth:4.3.2] AndroidManifest.xml:25:13-37
72            android:label=""
72-->[com.firebaseui:firebase-ui-auth:4.3.2] AndroidManifest.xml:26:13-29
73            android:theme="@style/FirebaseUI.Transparent" />
73-->[com.firebaseui:firebase-ui-auth:4.3.2] AndroidManifest.xml:27:13-58
74        <activity
74-->[com.firebaseui:firebase-ui-auth:4.3.2] AndroidManifest.xml:28:9-32:61
75            android:name="com.firebase.ui.auth.ui.idp.SingleSignInActivity"
75-->[com.firebaseui:firebase-ui-auth:4.3.2] AndroidManifest.xml:29:13-76
76            android:exported="false"
76-->[com.firebaseui:firebase-ui-auth:4.3.2] AndroidManifest.xml:30:13-37
77            android:label=""
77-->[com.firebaseui:firebase-ui-auth:4.3.2] AndroidManifest.xml:31:13-29
78            android:theme="@style/FirebaseUI.Transparent" />
78-->[com.firebaseui:firebase-ui-auth:4.3.2] AndroidManifest.xml:32:13-58
79        <activity
79-->[com.firebaseui:firebase-ui-auth:4.3.2] AndroidManifest.xml:33:9-37:61
80            android:name="com.firebase.ui.auth.ui.credentials.CredentialSaveActivity"
80-->[com.firebaseui:firebase-ui-auth:4.3.2] AndroidManifest.xml:34:13-86
81            android:exported="false"
81-->[com.firebaseui:firebase-ui-auth:4.3.2] AndroidManifest.xml:35:13-37
82            android:label=""
82-->[com.firebaseui:firebase-ui-auth:4.3.2] AndroidManifest.xml:36:13-29
83            android:theme="@style/FirebaseUI.Transparent" />
83-->[com.firebaseui:firebase-ui-auth:4.3.2] AndroidManifest.xml:37:13-58
84        <activity
84-->[com.firebaseui:firebase-ui-auth:4.3.2] AndroidManifest.xml:38:9-42:58
85            android:name="com.firebase.ui.auth.ui.email.RecoverPasswordActivity"
85-->[com.firebaseui:firebase-ui-auth:4.3.2] AndroidManifest.xml:39:13-81
86            android:exported="false"
86-->[com.firebaseui:firebase-ui-auth:4.3.2] AndroidManifest.xml:40:13-37
87            android:label="@string/fui_title_recover_password_activity"
87-->[com.firebaseui:firebase-ui-auth:4.3.2] AndroidManifest.xml:41:13-72
88            android:windowSoftInputMode="adjustResize" />
88-->[com.firebaseui:firebase-ui-auth:4.3.2] AndroidManifest.xml:42:13-55
89        <activity
89-->[com.firebaseui:firebase-ui-auth:4.3.2] AndroidManifest.xml:43:9-47:58
90            android:name="com.firebase.ui.auth.ui.email.EmailActivity"
90-->[com.firebaseui:firebase-ui-auth:4.3.2] AndroidManifest.xml:44:13-71
91            android:exported="false"
91-->[com.firebaseui:firebase-ui-auth:4.3.2] AndroidManifest.xml:45:13-37
92            android:label="@string/fui_sign_in_default"
92-->[com.firebaseui:firebase-ui-auth:4.3.2] AndroidManifest.xml:46:13-56
93            android:windowSoftInputMode="adjustResize" />
93-->[com.firebaseui:firebase-ui-auth:4.3.2] AndroidManifest.xml:47:13-55
94        <activity
94-->[com.firebaseui:firebase-ui-auth:4.3.2] AndroidManifest.xml:48:9-52:77
95            android:name="com.firebase.ui.auth.ui.phone.PhoneActivity"
95-->[com.firebaseui:firebase-ui-auth:4.3.2] AndroidManifest.xml:49:13-71
96            android:exported="false"
96-->[com.firebaseui:firebase-ui-auth:4.3.2] AndroidManifest.xml:50:13-37
97            android:label="@string/fui_sign_in_with_phone_number"
97-->[com.firebaseui:firebase-ui-auth:4.3.2] AndroidManifest.xml:51:13-66
98            android:windowSoftInputMode="adjustResize|stateAlwaysVisible" />
98-->[com.firebaseui:firebase-ui-auth:4.3.2] AndroidManifest.xml:52:13-74
99        <activity
99-->[com.firebaseui:firebase-ui-auth:4.3.2] AndroidManifest.xml:53:9-57:58
100            android:name="com.firebase.ui.auth.ui.idp.WelcomeBackIdpPrompt"
100-->[com.firebaseui:firebase-ui-auth:4.3.2] AndroidManifest.xml:54:13-76
101            android:exported="false"
101-->[com.firebaseui:firebase-ui-auth:4.3.2] AndroidManifest.xml:55:13-37
102            android:label="@string/fui_title_welcome_back_idp_prompt"
102-->[com.firebaseui:firebase-ui-auth:4.3.2] AndroidManifest.xml:56:13-70
103            android:windowSoftInputMode="adjustResize" />
103-->[com.firebaseui:firebase-ui-auth:4.3.2] AndroidManifest.xml:57:13-55
104        <activity
104-->[com.firebaseui:firebase-ui-auth:4.3.2] AndroidManifest.xml:58:9-62:58
105            android:name="com.firebase.ui.auth.ui.email.WelcomeBackPasswordPrompt"
105-->[com.firebaseui:firebase-ui-auth:4.3.2] AndroidManifest.xml:59:13-83
106            android:exported="false"
106-->[com.firebaseui:firebase-ui-auth:4.3.2] AndroidManifest.xml:60:13-37
107            android:label="@string/fui_title_welcome_back_password_prompt"
107-->[com.firebaseui:firebase-ui-auth:4.3.2] AndroidManifest.xml:61:13-75
108            android:windowSoftInputMode="adjustResize" />
108-->[com.firebaseui:firebase-ui-auth:4.3.2] AndroidManifest.xml:62:13-55
109        <activity
109-->[com.firebaseui:firebase-ui-auth:4.3.2] AndroidManifest.xml:63:9-67:58
110            android:name="com.firebase.ui.auth.ui.email.WelcomeBackEmailLinkPrompt"
110-->[com.firebaseui:firebase-ui-auth:4.3.2] AndroidManifest.xml:64:13-84
111            android:exported="false"
111-->[com.firebaseui:firebase-ui-auth:4.3.2] AndroidManifest.xml:65:13-37
112            android:label="@string/fui_title_welcome_back_password_prompt"
112-->[com.firebaseui:firebase-ui-auth:4.3.2] AndroidManifest.xml:66:13-75
113            android:windowSoftInputMode="adjustResize" />
113-->[com.firebaseui:firebase-ui-auth:4.3.2] AndroidManifest.xml:67:13-55
114        <activity
114-->[com.firebaseui:firebase-ui-auth:4.3.2] AndroidManifest.xml:68:9-73:58
115            android:name="com.firebase.ui.auth.ui.email.EmailLinkCatcherActivity"
115-->[com.firebaseui:firebase-ui-auth:4.3.2] AndroidManifest.xml:69:13-82
116            android:exported="false"
116-->[com.firebaseui:firebase-ui-auth:4.3.2] AndroidManifest.xml:70:13-37
117            android:label=""
117-->[com.firebaseui:firebase-ui-auth:4.3.2] AndroidManifest.xml:71:13-29
118            android:theme="@style/FirebaseUI.Transparent"
118-->[com.firebaseui:firebase-ui-auth:4.3.2] AndroidManifest.xml:72:13-58
119            android:windowSoftInputMode="adjustResize" />
119-->[com.firebaseui:firebase-ui-auth:4.3.2] AndroidManifest.xml:73:13-55
120        <activity
120-->[com.firebaseui:firebase-ui-auth:4.3.2] AndroidManifest.xml:74:9-78:58
121            android:name="com.firebase.ui.auth.ui.email.EmailLinkErrorRecoveryActivity"
121-->[com.firebaseui:firebase-ui-auth:4.3.2] AndroidManifest.xml:75:13-88
122            android:exported="false"
122-->[com.firebaseui:firebase-ui-auth:4.3.2] AndroidManifest.xml:76:13-37
123            android:label="@string/fui_sign_in_default"
123-->[com.firebaseui:firebase-ui-auth:4.3.2] AndroidManifest.xml:77:13-56
124            android:windowSoftInputMode="adjustResize" />
124-->[com.firebaseui:firebase-ui-auth:4.3.2] AndroidManifest.xml:78:13-55
125        <activity
125-->[com.firebaseui:firebase-ui-auth:4.3.2] AndroidManifest.xml:79:9-82:65
126            android:name="com.firebase.ui.auth.ui.idp.AuthMethodPickerActivity"
126-->[com.firebaseui:firebase-ui-auth:4.3.2] AndroidManifest.xml:80:13-80
127            android:exported="false"
127-->[com.firebaseui:firebase-ui-auth:4.3.2] AndroidManifest.xml:81:13-37
128            android:label="@string/fui_default_toolbar_title" />
128-->[com.firebaseui:firebase-ui-auth:4.3.2] AndroidManifest.xml:82:13-62
129        <activity
129-->[com.firebaseui:firebase-ui-auth:4.3.2] AndroidManifest.xml:83:9-87:48
130            android:name="com.facebook.FacebookActivity"
130-->[com.firebaseui:firebase-ui-auth:4.3.2] AndroidManifest.xml:84:13-57
131            android:configChanges="keyboard|keyboardHidden|screenLayout|screenSize|orientation"
131-->[com.firebaseui:firebase-ui-auth:4.3.2] AndroidManifest.xml:85:13-96
132            android:label="@string/app_name" />
132-->[com.firebaseui:firebase-ui-auth:4.3.2] AndroidManifest.xml:86:13-45
133        <activity
133-->[com.firebaseui:firebase-ui-auth:4.3.2] AndroidManifest.xml:88:9-100:20
134            android:name="com.facebook.CustomTabActivity"
134-->[com.firebaseui:firebase-ui-auth:4.3.2] AndroidManifest.xml:89:13-58
135            android:exported="true" >
135-->[com.firebaseui:firebase-ui-auth:4.3.2] AndroidManifest.xml:90:13-36
136            <intent-filter>
136-->[com.firebaseui:firebase-ui-auth:4.3.2] AndroidManifest.xml:92:13-99:29
137                <action android:name="android.intent.action.VIEW" />
137-->[com.firebaseui:firebase-ui-auth:4.3.2] AndroidManifest.xml:93:17-69
137-->[com.firebaseui:firebase-ui-auth:4.3.2] AndroidManifest.xml:93:25-66
138
139                <category android:name="android.intent.category.DEFAULT" />
139-->[com.firebaseui:firebase-ui-auth:4.3.2] AndroidManifest.xml:95:17-76
139-->[com.firebaseui:firebase-ui-auth:4.3.2] AndroidManifest.xml:95:27-73
140                <category android:name="android.intent.category.BROWSABLE" />
140-->[com.firebaseui:firebase-ui-auth:4.3.2] AndroidManifest.xml:96:17-78
140-->[com.firebaseui:firebase-ui-auth:4.3.2] AndroidManifest.xml:96:27-75
141
142                <data android:scheme="@string/facebook_login_protocol_scheme" />
142-->[com.firebaseui:firebase-ui-auth:4.3.2] AndroidManifest.xml:98:17-81
142-->[com.firebaseui:firebase-ui-auth:4.3.2] AndroidManifest.xml:98:23-78
143            </intent-filter>
144        </activity>
145
146        <provider
146-->[com.firebaseui:firebase-ui-auth:4.3.2] AndroidManifest.xml:102:9-106:38
147            android:name="com.firebase.ui.auth.data.client.AuthUiInitProvider"
147-->[com.firebaseui:firebase-ui-auth:4.3.2] AndroidManifest.xml:103:13-79
148            android:authorities="com.example.myapplication.authuiinitprovider"
148-->[com.firebaseui:firebase-ui-auth:4.3.2] AndroidManifest.xml:104:13-70
149            android:exported="false"
149-->[com.firebaseui:firebase-ui-auth:4.3.2] AndroidManifest.xml:105:13-37
150            android:initOrder="90" />
150-->[com.firebaseui:firebase-ui-auth:4.3.2] AndroidManifest.xml:106:13-35
151        <provider
151-->[com.squareup.picasso:picasso:2.71828] AndroidManifest.xml:8:9-11:40
152            android:name="com.squareup.picasso.PicassoProvider"
152-->[com.squareup.picasso:picasso:2.71828] AndroidManifest.xml:9:13-64
153            android:authorities="com.example.myapplication.com.squareup.picasso"
153-->[com.squareup.picasso:picasso:2.71828] AndroidManifest.xml:10:13-72
154            android:exported="false" />
154-->[com.squareup.picasso:picasso:2.71828] AndroidManifest.xml:11:13-37
155
156        <activity
156-->[com.google.firebase:firebase-auth:19.2.0] AndroidManifest.xml:24:9-31:50
157            android:name="com.google.firebase.auth.internal.FederatedSignInActivity"
157-->[com.google.firebase:firebase-auth:19.2.0] AndroidManifest.xml:25:13-85
158            android:excludeFromRecents="true"
158-->[com.google.firebase:firebase-auth:19.2.0] AndroidManifest.xml:26:13-46
159            android:exported="true"
159-->[com.google.firebase:firebase-auth:19.2.0] AndroidManifest.xml:27:13-36
160            android:launchMode="singleTask"
160-->[com.google.firebase:firebase-auth:19.2.0] AndroidManifest.xml:28:13-44
161            android:permission="com.google.firebase.auth.api.gms.permission.LAUNCH_FEDERATED_SIGN_IN"
161-->[com.google.firebase:firebase-auth:19.2.0] AndroidManifest.xml:29:13-102
162            android:theme="@android:style/Theme.Translucent.NoTitleBar" />
162-->[com.google.firebase:firebase-auth:19.2.0] AndroidManifest.xml:30:13-72
163
164        <service
164-->[com.google.firebase:firebase-auth:19.2.0] AndroidManifest.xml:33:9-39:19
165            android:name="com.google.firebase.components.ComponentDiscoveryService"
165-->[com.google.firebase:firebase-auth:19.2.0] AndroidManifest.xml:34:13-84
166            android:directBootAware="true"
166-->[com.google.firebase:firebase-common:19.3.0] AndroidManifest.xml:34:13-43
167            android:exported="false" >
167-->[com.google.firebase:firebase-auth:19.2.0] AndroidManifest.xml:35:13-37
168            <meta-data
168-->[com.google.firebase:firebase-auth:19.2.0] AndroidManifest.xml:36:13-38:85
169                android:name="com.google.firebase.components:com.google.firebase.auth.FirebaseAuthRegistrar"
169-->[com.google.firebase:firebase-auth:19.2.0] AndroidManifest.xml:37:17-109
170                android:value="com.google.firebase.components.ComponentRegistrar" />
170-->[com.google.firebase:firebase-auth:19.2.0] AndroidManifest.xml:38:17-82
171            <meta-data
171-->[com.google.firebase:firebase-database:19.2.1] AndroidManifest.xml:32:13-34:85
172                android:name="com.google.firebase.components:com.google.firebase.database.DatabaseRegistrar"
172-->[com.google.firebase:firebase-database:19.2.1] AndroidManifest.xml:33:17-109
173                android:value="com.google.firebase.components.ComponentRegistrar" />
173-->[com.google.firebase:firebase-database:19.2.1] AndroidManifest.xml:34:17-82
174            <meta-data
174-->[com.google.firebase:firebase-storage:19.1.1] AndroidManifest.xml:33:13-35:85
175                android:name="com.google.firebase.components:com.google.firebase.storage.StorageRegistrar"
175-->[com.google.firebase:firebase-storage:19.1.1] AndroidManifest.xml:34:17-107
176                android:value="com.google.firebase.components.ComponentRegistrar" />
176-->[com.google.firebase:firebase-storage:19.1.1] AndroidManifest.xml:35:17-82
177            <meta-data
177-->[com.google.firebase:firebase-firestore:17.1.4] AndroidManifest.xml:15:13-17:85
178                android:name="com.google.firebase.components:com.google.firebase.firestore.FirestoreRegistrar"
178-->[com.google.firebase:firebase-firestore:17.1.4] AndroidManifest.xml:16:17-111
179                android:value="com.google.firebase.components.ComponentRegistrar" />
179-->[com.google.firebase:firebase-firestore:17.1.4] AndroidManifest.xml:17:17-82
180            <meta-data
180-->[com.google.android.gms:play-services-measurement-api:17.2.3] AndroidManifest.xml:30:13-32:85
181                android:name="com.google.firebase.components:com.google.firebase.analytics.connector.internal.AnalyticsConnectorRegistrar"
181-->[com.google.android.gms:play-services-measurement-api:17.2.3] AndroidManifest.xml:31:17-139
182                android:value="com.google.firebase.components.ComponentRegistrar" />
182-->[com.google.android.gms:play-services-measurement-api:17.2.3] AndroidManifest.xml:32:17-82
183            <meta-data
183-->[com.google.firebase:firebase-iid:20.0.2] AndroidManifest.xml:32:13-34:85
184                android:name="com.google.firebase.components:com.google.firebase.iid.Registrar"
184-->[com.google.firebase:firebase-iid:20.0.2] AndroidManifest.xml:33:17-96
185                android:value="com.google.firebase.components.ComponentRegistrar" />
185-->[com.google.firebase:firebase-iid:20.0.2] AndroidManifest.xml:34:17-82
186        </service>
187
188        <activity
188-->[com.google.android.gms:play-services-auth:17.0.0] AndroidManifest.xml:23:9-27:75
189            android:name="com.google.android.gms.auth.api.signin.internal.SignInHubActivity"
189-->[com.google.android.gms:play-services-auth:17.0.0] AndroidManifest.xml:24:13-93
190            android:excludeFromRecents="true"
190-->[com.google.android.gms:play-services-auth:17.0.0] AndroidManifest.xml:25:13-46
191            android:exported="false"
191-->[com.google.android.gms:play-services-auth:17.0.0] AndroidManifest.xml:26:13-37
192            android:theme="@android:style/Theme.Translucent.NoTitleBar" />
192-->[com.google.android.gms:play-services-auth:17.0.0] AndroidManifest.xml:27:13-72
193        <!--
194            Service handling Google Sign-In user revocation. For apps that do not integrate with
195            Google Sign-In, this service will never be started.
196        -->
197        <service
197-->[com.google.android.gms:play-services-auth:17.0.0] AndroidManifest.xml:33:9-36:110
198            android:name="com.google.android.gms.auth.api.signin.RevocationBoundService"
198-->[com.google.android.gms:play-services-auth:17.0.0] AndroidManifest.xml:34:13-89
199            android:exported="true"
199-->[com.google.android.gms:play-services-auth:17.0.0] AndroidManifest.xml:35:13-36
200            android:permission="com.google.android.gms.auth.api.signin.permission.REVOCATION_NOTIFICATION" />
200-->[com.google.android.gms:play-services-auth:17.0.0] AndroidManifest.xml:36:13-107
201
202        <receiver
202-->[com.google.firebase:firebase-iid:20.0.2] AndroidManifest.xml:37:9-44:20
203            android:name="com.google.firebase.iid.FirebaseInstanceIdReceiver"
203-->[com.google.firebase:firebase-iid:20.0.2] AndroidManifest.xml:38:13-78
204            android:exported="true"
204-->[com.google.firebase:firebase-iid:20.0.2] AndroidManifest.xml:39:13-36
205            android:permission="com.google.android.c2dm.permission.SEND" >
205-->[com.google.firebase:firebase-iid:20.0.2] AndroidManifest.xml:40:13-73
206            <intent-filter>
206-->[com.google.firebase:firebase-iid:20.0.2] AndroidManifest.xml:41:13-43:29
207                <action android:name="com.google.android.c2dm.intent.RECEIVE" />
207-->[com.google.firebase:firebase-iid:20.0.2] AndroidManifest.xml:42:17-81
207-->[com.google.firebase:firebase-iid:20.0.2] AndroidManifest.xml:42:25-78
208            </intent-filter>
209        </receiver>
210
211        <activity
211-->[com.google.android.gms:play-services-base:17.1.0] AndroidManifest.xml:23:9-26:75
212            android:name="com.google.android.gms.common.api.GoogleApiActivity"
212-->[com.google.android.gms:play-services-base:17.1.0] AndroidManifest.xml:24:13-79
213            android:exported="false"
213-->[com.google.android.gms:play-services-base:17.1.0] AndroidManifest.xml:25:13-37
214            android:theme="@android:style/Theme.Translucent.NoTitleBar" />
214-->[com.google.android.gms:play-services-base:17.1.0] AndroidManifest.xml:26:13-72
215
216        <provider
216-->[com.google.firebase:firebase-common:19.3.0] AndroidManifest.xml:26:9-30:39
217            android:name="com.google.firebase.provider.FirebaseInitProvider"
217-->[com.google.firebase:firebase-common:19.3.0] AndroidManifest.xml:27:13-77
218            android:authorities="com.example.myapplication.firebaseinitprovider"
218-->[com.google.firebase:firebase-common:19.3.0] AndroidManifest.xml:28:13-72
219            android:exported="false"
219-->[com.google.firebase:firebase-common:19.3.0] AndroidManifest.xml:29:13-37
220            android:initOrder="100" />
220-->[com.google.firebase:firebase-common:19.3.0] AndroidManifest.xml:30:13-36
221
222        <receiver
222-->[com.google.android.gms:play-services-measurement:17.2.3] AndroidManifest.xml:29:9-33:20
223            android:name="com.google.android.gms.measurement.AppMeasurementReceiver"
223-->[com.google.android.gms:play-services-measurement:17.2.3] AndroidManifest.xml:30:13-85
224            android:enabled="true"
224-->[com.google.android.gms:play-services-measurement:17.2.3] AndroidManifest.xml:31:13-35
225            android:exported="false" >
225-->[com.google.android.gms:play-services-measurement:17.2.3] AndroidManifest.xml:32:13-37
226        </receiver>
227        <receiver
227-->[com.google.android.gms:play-services-measurement:17.2.3] AndroidManifest.xml:34:9-42:20
228            android:name="com.google.android.gms.measurement.AppMeasurementInstallReferrerReceiver"
228-->[com.google.android.gms:play-services-measurement:17.2.3] AndroidManifest.xml:35:13-100
229            android:enabled="true"
229-->[com.google.android.gms:play-services-measurement:17.2.3] AndroidManifest.xml:36:13-35
230            android:exported="true"
230-->[com.google.android.gms:play-services-measurement:17.2.3] AndroidManifest.xml:37:13-36
231            android:permission="android.permission.INSTALL_PACKAGES" >
231-->[com.google.android.gms:play-services-measurement:17.2.3] AndroidManifest.xml:38:13-69
232            <intent-filter>
232-->[com.google.android.gms:play-services-measurement:17.2.3] AndroidManifest.xml:39:13-41:29
233                <action android:name="com.android.vending.INSTALL_REFERRER" />
233-->[com.google.android.gms:play-services-measurement:17.2.3] AndroidManifest.xml:40:17-79
233-->[com.google.android.gms:play-services-measurement:17.2.3] AndroidManifest.xml:40:25-76
234            </intent-filter>
235        </receiver>
236
237        <service
237-->[com.google.android.gms:play-services-measurement:17.2.3] AndroidManifest.xml:44:9-47:40
238            android:name="com.google.android.gms.measurement.AppMeasurementService"
238-->[com.google.android.gms:play-services-measurement:17.2.3] AndroidManifest.xml:45:13-84
239            android:enabled="true"
239-->[com.google.android.gms:play-services-measurement:17.2.3] AndroidManifest.xml:46:13-35
240            android:exported="false" />
240-->[com.google.android.gms:play-services-measurement:17.2.3] AndroidManifest.xml:47:13-37
241        <service
241-->[com.google.android.gms:play-services-measurement:17.2.3] AndroidManifest.xml:48:9-52:72
242            android:name="com.google.android.gms.measurement.AppMeasurementJobService"
242-->[com.google.android.gms:play-services-measurement:17.2.3] AndroidManifest.xml:49:13-87
243            android:enabled="true"
243-->[com.google.android.gms:play-services-measurement:17.2.3] AndroidManifest.xml:50:13-35
244            android:exported="false"
244-->[com.google.android.gms:play-services-measurement:17.2.3] AndroidManifest.xml:51:13-37
245            android:permission="android.permission.BIND_JOB_SERVICE" />
245-->[com.google.android.gms:play-services-measurement:17.2.3] AndroidManifest.xml:52:13-69
246
247        <provider
247-->[androidx.lifecycle:lifecycle-process:2.0.0] AndroidManifest.xml:23:9-27:43
248            android:name="androidx.lifecycle.ProcessLifecycleOwnerInitializer"
248-->[androidx.lifecycle:lifecycle-process:2.0.0] AndroidManifest.xml:24:13-79
249            android:authorities="com.example.myapplication.lifecycle-process"
249-->[androidx.lifecycle:lifecycle-process:2.0.0] AndroidManifest.xml:25:13-69
250            android:exported="false"
250-->[androidx.lifecycle:lifecycle-process:2.0.0] AndroidManifest.xml:26:13-37
251            android:multiprocess="true" />
251-->[androidx.lifecycle:lifecycle-process:2.0.0] AndroidManifest.xml:27:13-40
252    </application>
253
254</manifest>